<?xml version="1.0" encoding="UTF-8"?>
<!-- Generated by org.testng.reporters.JUnitXMLReporter -->
<testsuite hostname="DESKTOP-FQJI2AJ" ignored="0" name="Test" tests="2" failures="0" timestamp="11 oct. 2019 11:21:11 GMT" time="1.297" errors="0">
  <testcase name="feature" time="1.06" classname="starter.testRunner.CucumberTestSuite">
    <skipped/>
  </testcase> <!-- feature -->
  <testcase name="feature" time="0.015" classname="starter.testRunner.CucumberTestSuite">
    <skipped/>
  </testcase> <!-- feature -->
</testsuite> <!-- Test -->
